<?xml version="1.0" encoding="UTF-8"?>
<!-- Generated by org.testng.reporters.JUnitXMLReporter -->
<testsuite ignored="0" hostname="LAPTOP-PK9A0DUV" failures="0" tests="3" name="Web Demo Shop Functional Test" time="19.575" errors="0" timestamp="2024-03-29T10:43:06 EDT">
  <testcase classname="com.WebDemoShopTestNG.testCases.TC_Registration_001" name="newRegistration" time="9.789"/>
  <testcase classname="com.WebDemoShopTestNG.testCases.TC_Login_001" name="catagoryList" time="0.057"/>
  <testcase classname="com.WebDemoShopTestNG.testCases.TC_Login_001" name="loginTest" time="5.198"/>
</testsuite> <!-- Web Demo Shop Functional Test -->
