<?xml version="1.0" encoding="UTF-8"?>
<!-- Generated by org.testng.reporters.JUnitXMLReporter -->
<testsuite ignored="0" hostname="LAPTOP-PK9A0DUV" failures="0" tests="4" name="Web Demo Shop Functional Test" time="79.762" errors="0" timestamp="2024-03-30T11:59:02 EDT">
  <testcase classname="com.WebDemoShopTestNG.testCases.TC_Login_001" name="catagoryList" time="0.068"/>
  <testcase classname="com.WebDemoShopTestNG.testCases.TC_Login_001" name="loginTest" time="5.336"/>
  <testcase classname="com.WebDemoShopTestNG.testCases.TC_Registration_001" name="newRegistration" time="12.034"/>
  <testcase classname="com.WebDemoShopTestNG.testCases.TC_PurchaseBooks_001" name="e2eBookPurchase" time="51.429"/>
</testsuite> <!-- Web Demo Shop Functional Test -->
