<?xml version="1.0" encoding="UTF-8"?>
<testng-results ignored="0" total="3" passed="3" failed="0" skipped="0">
  <reporter-output>
  </reporter-output>
  <suite started-at="2024-03-29T10:42:46 EDT" name="Web Demo Shop" finished-at="2024-03-29T10:43:06 EDT" duration-ms="19575">
    <groups>
    </groups>
    <test started-at="2024-03-29T10:42:46 EDT" name="Web Demo Shop Functional Test" finished-at="2024-03-29T10:43:06 EDT" duration-ms="19575">
      <class name="com.WebDemoShopTestNG.testCases.TC_Registration_001">
        <test-method signature="newRegistration()[pri:0, instance:com.WebDemoShopTestNG.testCases.TC_Registration_001@1ed4ae0f]" started-at="2024-03-29T10:42:46 EDT" name="newRegistration" finished-at="2024-03-29T10:42:56 EDT" duration-ms="9789" status="PASS">
          <reporter-output>
          </reporter-output>
        </test-method> <!-- newRegistration -->
      </class> <!-- com.WebDemoShopTestNG.testCases.TC_Registration_001 -->
      <class name="com.WebDemoShopTestNG.testCases.TC_Login_001">
        <test-method is-config="true" signature="setUp(java.lang.String)[pri:0, instance:com.WebDemoShopTestNG.testCases.TC_Login_001@28261e8e]" started-at="2024-03-29T10:42:56 EDT" name="setUp" finished-at="2024-03-29T10:43:00 EDT" duration-ms="4132" status="PASS">
          <params>
            <param index="0">
              <value>
                <![CDATA[chrome]]>
              </value>
            </param>
          </params>
          <reporter-output>
          </reporter-output>
        </test-method> <!-- setUp -->
        <test-method signature="catagoryList()[pri:0, instance:com.WebDemoShopTestNG.testCases.TC_Login_001@28261e8e]" started-at="2024-03-29T10:43:00 EDT" name="catagoryList" finished-at="2024-03-29T10:43:00 EDT" duration-ms="57" status="PASS">
          <reporter-output>
          </reporter-output>
        </test-method> <!-- catagoryList -->
        <test-method signature="loginTest()[pri:0, instance:com.WebDemoShopTestNG.testCases.TC_Login_001@28261e8e]" started-at="2024-03-29T10:43:00 EDT" name="loginTest" finished-at="2024-03-29T10:43:06 EDT" duration-ms="5198" status="PASS">
          <reporter-output>
          </reporter-output>
        </test-method> <!-- loginTest -->
        <test-method is-config="true" signature="tearDown()[pri:0, instance:com.WebDemoShopTestNG.testCases.TC_Login_001@28261e8e]" started-at="2024-03-29T10:43:06 EDT" name="tearDown" finished-at="2024-03-29T10:43:06 EDT" duration-ms="174" status="PASS">
          <reporter-output>
          </reporter-output>
        </test-method> <!-- tearDown -->
      </class> <!-- com.WebDemoShopTestNG.testCases.TC_Login_001 -->
    </test> <!-- Web Demo Shop Functional Test -->
  </suite> <!-- Web Demo Shop -->
</testng-results>
