<?xml version="1.0" encoding="UTF-8"?>
<testng-results ignored="0" total="4" passed="4" failed="0" skipped="0">
  <reporter-output>
  </reporter-output>
  <suite started-at="2024-03-30T11:57:42 EDT" name="Web Demo Shop" finished-at="2024-03-30T11:59:02 EDT" duration-ms="79762">
    <groups>
    </groups>
    <test started-at="2024-03-30T11:57:42 EDT" name="Web Demo Shop Functional Test" finished-at="2024-03-30T11:59:02 EDT" duration-ms="79762">
      <class name="com.WebDemoShopTestNG.testCases.TC_PurchaseBooks_001">
        <test-method is-config="true" signature="setUp(java.lang.String)[pri:0, instance:com.WebDemoShopTestNG.testCases.TC_PurchaseBooks_001@48075da3]" started-at="2024-03-30T11:58:06 EDT" name="setUp" finished-at="2024-03-30T11:58:10 EDT" duration-ms="4413" status="PASS">
          <params>
            <param index="0">
              <value>
                <![CDATA[chrome]]>
              </value>
            </param>
          </params>
          <reporter-output>
          </reporter-output>
        </test-method> <!-- setUp -->
        <test-method signature="e2eBookPurchase()[pri:0, instance:com.WebDemoShopTestNG.testCases.TC_PurchaseBooks_001@48075da3]" started-at="2024-03-30T11:58:10 EDT" name="e2eBookPurchase" finished-at="2024-03-30T11:59:02 EDT" duration-ms="51429" status="PASS">
          <reporter-output>
          </reporter-output>
        </test-method> <!-- e2eBookPurchase -->
        <test-method is-config="true" signature="tearDown()[pri:0, instance:com.WebDemoShopTestNG.testCases.TC_PurchaseBooks_001@48075da3]" started-at="2024-03-30T11:59:02 EDT" name="tearDown" finished-at="2024-03-30T11:59:02 EDT" duration-ms="233" status="PASS">
          <reporter-output>
          </reporter-output>
        </test-method> <!-- tearDown -->
      </class> <!-- com.WebDemoShopTestNG.testCases.TC_PurchaseBooks_001 -->
      <class name="com.WebDemoShopTestNG.testCases.TC_Registration_001">
        <test-method signature="newRegistration()[pri:0, instance:com.WebDemoShopTestNG.testCases.TC_Registration_001@8458f04]" started-at="2024-03-30T11:57:54 EDT" name="newRegistration" finished-at="2024-03-30T11:58:06 EDT" duration-ms="12034" status="PASS">
          <reporter-output>
          </reporter-output>
        </test-method> <!-- newRegistration -->
      </class> <!-- com.WebDemoShopTestNG.testCases.TC_Registration_001 -->
      <class name="com.WebDemoShopTestNG.testCases.TC_Login_001">
        <test-method is-config="true" signature="setUp(java.lang.String)[pri:0, instance:com.WebDemoShopTestNG.testCases.TC_Login_001@3ba987b8]" started-at="2024-03-30T11:57:43 EDT" name="setUp" finished-at="2024-03-30T11:57:48 EDT" duration-ms="5784" status="PASS">
          <params>
            <param index="0">
              <value>
                <![CDATA[chrome]]>
              </value>
            </param>
          </params>
          <reporter-output>
          </reporter-output>
        </test-method> <!-- setUp -->
        <test-method signature="catagoryList()[pri:0, instance:com.WebDemoShopTestNG.testCases.TC_Login_001@3ba987b8]" started-at="2024-03-30T11:57:48 EDT" name="catagoryList" finished-at="2024-03-30T11:57:48 EDT" duration-ms="68" status="PASS">
          <reporter-output>
          </reporter-output>
        </test-method> <!-- catagoryList -->
        <test-method signature="loginTest()[pri:0, instance:com.WebDemoShopTestNG.testCases.TC_Login_001@3ba987b8]" started-at="2024-03-30T11:57:48 EDT" name="loginTest" finished-at="2024-03-30T11:57:54 EDT" duration-ms="5336" status="PASS">
          <reporter-output>
          </reporter-output>
        </test-method> <!-- loginTest -->
        <test-method is-config="true" signature="tearDown()[pri:0, instance:com.WebDemoShopTestNG.testCases.TC_Login_001@3ba987b8]" started-at="2024-03-30T11:57:54 EDT" name="tearDown" finished-at="2024-03-30T11:57:54 EDT" duration-ms="243" status="PASS">
          <reporter-output>
          </reporter-output>
        </test-method> <!-- tearDown -->
      </class> <!-- com.WebDemoShopTestNG.testCases.TC_Login_001 -->
    </test> <!-- Web Demo Shop Functional Test -->
  </suite> <!-- Web Demo Shop -->
</testng-results>
